<?xml version="1.0" encoding="UTF-8"?>
<robot generator="Robot 7.2 (Python 3.12.6 on win32)" generated="2025-01-21T22:49:54.244616" rpa="false" schemaversion="5">
<suite id="s1" name="Start" source="C:\Users\henrique.d.junior\Noesis\RobotWeb\start.robot">
<test id="s1-t1" name="Acessar um site" line="5">
<kw name="Open Browser" owner="SeleniumLibrary">
<msg time="2025-01-21T22:49:54.545726" level="INFO">Opening browser 'chrome' to base url 'https://opensource-demo.orangehrmlive.com/web/index.php/auth/login'.</msg>
<arg>https://opensource-demo.orangehrmlive.com/web/index.php/auth/login</arg>
<arg>chrome</arg>
<arg>options=add_argument("--start-maximized")</arg>
<doc>Opens a new browser instance to the optional ``url``.</doc>
<status status="PASS" start="2025-01-21T22:49:54.545726" elapsed="3.753155"/>
</kw>
<kw name="Sleep" owner="BuiltIn">
<msg time="2025-01-21T22:50:03.299346" level="INFO">Slept 5 seconds.</msg>
<arg>5</arg>
<doc>Pauses the test executed for the given time.</doc>
<status status="PASS" start="2025-01-21T22:49:58.298881" elapsed="5.000465"/>
</kw>
<kw name="Capture Page Screenshot" owner="SeleniumLibrary">
<msg time="2025-01-21T22:50:03.417452" level="INFO" html="true">&lt;/td&gt;&lt;/tr&gt;&lt;tr&gt;&lt;td colspan="3"&gt;&lt;a href="selenium-screenshot-1.png"&gt;&lt;img src="selenium-screenshot-1.png" width="800px"&gt;&lt;/a&gt;</msg>
<doc>Takes a screenshot of the current page and embeds it into a log file.</doc>
<status status="PASS" start="2025-01-21T22:50:03.299346" elapsed="0.118106"/>
</kw>
<kw name="Input Text" owner="SeleniumLibrary">
<msg time="2025-01-21T22:50:03.417452" level="INFO">Typing text 'Admin' into text field '//input[@name="username"]'.</msg>
<arg>//input[@name="username"]</arg>
<arg>Admin</arg>
<doc>Types the given ``text`` into the text field identified by ``locator``.</doc>
<status status="PASS" start="2025-01-21T22:50:03.417452" elapsed="0.063414"/>
</kw>
<kw name="Capture Page Screenshot" owner="SeleniumLibrary">
<msg time="2025-01-21T22:50:03.589408" level="INFO" html="true">&lt;/td&gt;&lt;/tr&gt;&lt;tr&gt;&lt;td colspan="3"&gt;&lt;a href="selenium-screenshot-2.png"&gt;&lt;img src="selenium-screenshot-2.png" width="800px"&gt;&lt;/a&gt;</msg>
<doc>Takes a screenshot of the current page and embeds it into a log file.</doc>
<status status="PASS" start="2025-01-21T22:50:03.480866" elapsed="0.109634"/>
</kw>
<kw name="Input Text" owner="SeleniumLibrary">
<msg time="2025-01-21T22:50:03.590500" level="INFO">Typing text 'admin123' into text field '//input[@name="password"]'.</msg>
<arg>//input[@name="password"]</arg>
<arg>admin123</arg>
<doc>Types the given ``text`` into the text field identified by ``locator``.</doc>
<status status="PASS" start="2025-01-21T22:50:03.590500" elapsed="0.070579"/>
</kw>
<kw name="Capture Page Screenshot" owner="SeleniumLibrary">
<msg time="2025-01-21T22:50:03.770142" level="INFO" html="true">&lt;/td&gt;&lt;/tr&gt;&lt;tr&gt;&lt;td colspan="3"&gt;&lt;a href="selenium-screenshot-3.png"&gt;&lt;img src="selenium-screenshot-3.png" width="800px"&gt;&lt;/a&gt;</msg>
<doc>Takes a screenshot of the current page and embeds it into a log file.</doc>
<status status="PASS" start="2025-01-21T22:50:03.661079" elapsed="0.109063"/>
</kw>
<kw name="Wait Until Element Is Visible" owner="SeleniumLibrary">
<arg>//button[@class="oxd-button oxd-button--medium oxd-button--main orangehrm-login-button"]</arg>
<arg>10s</arg>
<doc>Waits until the element ``locator`` is visible.</doc>
<status status="PASS" start="2025-01-21T22:50:03.770142" elapsed="0.018457"/>
</kw>
<kw name="Click Button" owner="SeleniumLibrary">
<msg time="2025-01-21T22:50:03.788599" level="INFO">Clicking button '//button[@class="oxd-button oxd-button--medium oxd-button--main orangehrm-login-button"]'.</msg>
<arg>//button[@class="oxd-button oxd-button--medium oxd-button--main orangehrm-login-button"]</arg>
<doc>Clicks the button identified by ``locator``.</doc>
<status status="PASS" start="2025-01-21T22:50:03.788599" elapsed="0.840383"/>
</kw>
<kw name="Sleep" owner="BuiltIn">
<msg time="2025-01-21T22:50:09.629159" level="INFO">Slept 5 seconds.</msg>
<arg>5</arg>
<doc>Pauses the test executed for the given time.</doc>
<status status="PASS" start="2025-01-21T22:50:04.628982" elapsed="5.000177"/>
</kw>
<kw name="Capture Page Screenshot" owner="SeleniumLibrary">
<msg time="2025-01-21T22:50:09.737283" level="INFO" html="true">&lt;/td&gt;&lt;/tr&gt;&lt;tr&gt;&lt;td colspan="3"&gt;&lt;a href="selenium-screenshot-4.png"&gt;&lt;img src="selenium-screenshot-4.png" width="800px"&gt;&lt;/a&gt;</msg>
<doc>Takes a screenshot of the current page and embeds it into a log file.</doc>
<status status="PASS" start="2025-01-21T22:50:09.630181" elapsed="0.107102"/>
</kw>
<status status="PASS" start="2025-01-21T22:49:54.545726" elapsed="15.191557"/>
</test>
<status status="PASS" start="2025-01-21T22:49:54.244616" elapsed="15.493665"/>
</suite>
<statistics>
<total>
<stat pass="1" fail="0" skip="0">All Tests</stat>
</total>
<tag>
</tag>
<suite>
<stat name="Start" id="s1" pass="1" fail="0" skip="0">Start</stat>
</suite>
</statistics>
<errors>
</errors>
</robot>
